/home/rabbitmq/Desktop/rabbitmq-server/deps/rabbit_common
/home/rabbitmq/Desktop/rabbitmq-server/deps/rabbitmq_codegen
/home/rabbitmq/Desktop/rabbitmq-server/deps/thoas
/home/rabbitmq/Desktop/rabbitmq-server/deps/recon
/home/rabbitmq/Desktop/rabbitmq-server/deps/credentials_obfuscation
/home/rabbitmq/Desktop/rabbitmq-server/deps/rabbit
/home/rabbitmq/Desktop/rabbitmq-server/deps/rabbitmq_cli
/home/rabbitmq/Desktop/rabbitmq-server/deps/csv
/home/rabbitmq/Desktop/rabbitmq-server/deps/json
/home/rabbitmq/Desktop/rabbitmq-server/deps/observer_cli
/home/rabbitmq/Desktop/rabbitmq-server/deps/stdout_formatter
/home/rabbitmq/Desktop/rabbitmq-server/deps/ranch
/home/rabbitmq/Desktop/rabbitmq-server/deps/rabbitmq_prelaunch
/home/rabbitmq/Desktop/rabbitmq-server/deps/ra
/home/rabbitmq/Desktop/rabbitmq-server/deps/sysmon_handler
/home/rabbitmq/Desktop/rabbitmq-server/deps/redbug
/home/rabbitmq/Desktop/rabbitmq-server/deps/osiris
/home/rabbitmq/Desktop/rabbitmq-server/deps/amqp10_common
/home/rabbitmq/Desktop/rabbitmq-server/deps/syslog
/home/rabbitmq/Desktop/rabbitmq-server/deps/systemd
/home/rabbitmq/Desktop/rabbitmq-server/deps/seshat
/home/rabbitmq/Desktop/rabbitmq-server/deps/khepri
/home/rabbitmq/Desktop/rabbitmq-server/deps/khepri_mnesia_migration
